INFO:SemiJoin:============================== Semi Join ==============================
INFO:SemiJoin:table2 in database2 is the largest
INFO:SemiJoin:S = table2
INFO:SemiJoin:R = table1
INFO:SemiJoin:Transferring S1 to Site 1...
INFO:SemiJoin:Computing R1 = R semi-join S1
INFO:SemiJoin:Transferring R1 to Site 2...
INFO:SemiJoin:Computing R1 join S
INFO:SemiJoin:Got match => (2, (Name_180, email_34@example.com, 2023-06-03 18:16:29), ('Name_171', 'email_150@example.com', '2023-06-03 18:18:38'), 0)
INFO:SemiJoin:Got match => (3, (Name_192, email_121@example.com, 2023-06-04 03:13:38), ('Name_231', 'email_74@example.com', '2023-06-04 13:45:49'), 11)
INFO:SemiJoin:Got match => (4, (Name_110, email_99@example.com, 2023-06-05 05:16:07), ('Name_71', 'email_2@example.com', '2023-06-05 05:40:24'), 0)
INFO:SemiJoin:Got match => (6, (Name_294, email_172@example.com, 2023-06-07 01:37:35), ('Name_50', 'email_80@example.com', '2023-06-07 02:03:34'), 0)
INFO:SemiJoin:Got match => (7, (Name_156, email_298@example.com, 2023-06-08 01:54:09), ('Name_236', 'email_89@example.com', '2023-06-08 04:32:31'), 3)
INFO:SemiJoin:Got match => (9, (Name_290, email_106@example.com, 2023-06-10 01:12:41), ('Name_265', 'email_285@example.com', '2023-06-10 08:31:15'), 7)
INFO:SemiJoin:Got match => (10, (Name_96, email_190@example.com, 2023-06-11 17:23:29), ('Name_260', 'email_54@example.com', '2023-06-11 17:03:15'), 0)
INFO:SemiJoin:Got match => (11, (Name_242, email_99@example.com, 2023-06-12 23:25:35), ('Name_211', 'email_196@example.com', '2023-06-12 22:54:26'), 1)
INFO:SemiJoin:Got match => (12, (Name_240, email_136@example.com, 2023-06-13 07:33:32), ('Name_199', 'email_12@example.com', '2023-06-13 02:38:28'), 5)
INFO:SemiJoin:Got match => (13, (Name_5, email_65@example.com, 2023-06-14 03:40:39), ('Name_108', 'email_26@example.com', '2023-06-14 10:51:36'), 7)
INFO:SemiJoin:Got match => (14, (Name_2, email_167@example.com, 2023-06-15 23:20:22), ('Name_232', 'email_14@example.com', '2023-06-15 11:31:48'), 12)
INFO:SemiJoin:Got match => (15, (Name_172, email_127@example.com, 2023-06-16 11:23:52), ('Name_175', 'email_250@example.com', '2023-06-16 00:50:49'), 11)
INFO:SemiJoin:Got match => (17, (Name_21, email_39@example.com, 2023-06-18 05:00:37), ('Name_196', 'email_229@example.com', '2023-06-18 12:19:33'), 7)
INFO:SemiJoin:Got match => (18, (Name_103, email_162@example.com, 2023-06-19 07:45:29), ('Name_244', 'email_255@example.com', '2023-06-19 13:38:28'), 6)
INFO:root:Running time: 0.013003110885620117 seconds
INFO:root:Total matches: 14
